android/app/property(org.gradle.api.file.Directory, fixed(class org.gradle.api.internal.file.DefaultFilePropertyFactory$FixedDirectory, /Users/user/Documents/prb/noo_sms/build))/app/intermediates/manifest_merge_blame_file/debug/manifest-merger-blame-debug-report.txt
1<?xml version="1.0" encoding="utf-8"?>
2<manifest xmlns:android="http://schemas.android.com/apk/res/android"
3    package="id.prb.noo_sms"
4    android:versionCode="1"
5    android:versionName="0.1.0" >
6
7    <uses-sdk
8        android:minSdkVersion="21"
9        android:targetSdkVersion="34" />
10    <!--
11         The INTERNET permission is required for development. Specifically,
12         the Flutter tool needs it to communicate with the running application
13         to allow setting breakpoints, to provide hot reload, etc.
14    -->
15    <uses-permission android:name="android.permission.INTERNET" />
15-->src/debug/AndroidManifest.xml:6:5-66
15-->src/debug/AndroidManifest.xml:6:22-64
16    <uses-permission android:name="android.permission.ACCESS_FINE_LOCATION" />
16-->src/main/AndroidManifest.xml:2:5-78
16-->src/main/AndroidManifest.xml:2:22-76
17    <uses-permission android:name="android.permission.ACCESS_COARSE_LOCATION" />
17-->src/main/AndroidManifest.xml:3:5-80
17-->src/main/AndroidManifest.xml:3:22-78
18    <uses-permission android:name="android.permission.CAMERA" />
18-->src/main/AndroidManifest.xml:4:5-64
18-->src/main/AndroidManifest.xml:4:22-62
19    <uses-permission android:name="android.permission.READ_EXTERNAL_STORAGE" />
19-->src/main/AndroidManifest.xml:5:5-79
19-->src/main/AndroidManifest.xml:5:22-77
20    <uses-permission android:name="android.permission.WRITE_EXTERNAL_STORAGE" />
20-->src/main/AndroidManifest.xml:6:5-80
20-->src/main/AndroidManifest.xml:6:22-78
21    <uses-permission android:name="android.permission.READ_MEDIA_IMAGES" />
21-->src/main/AndroidManifest.xml:7:5-75
21-->src/main/AndroidManifest.xml:7:22-73
22    <uses-permission android:name="android.permission.READ_MEDIA_VIDEO" />
22-->src/main/AndroidManifest.xml:8:5-74
22-->src/main/AndroidManifest.xml:8:22-72
23
24    <uses-feature
24-->src/main/AndroidManifest.xml:9:5-83
25        android:name="android.hardware.camera"
25-->src/main/AndroidManifest.xml:9:19-57
26        android:required="true" />
26-->src/main/AndroidManifest.xml:9:58-81
27
28    <uses-permission android:name="android.permission.STORAGE" />
28-->src/main/AndroidManifest.xml:10:5-65
28-->src/main/AndroidManifest.xml:10:22-63
29    <uses-permission
29-->src/main/AndroidManifest.xml:11:5-112
30        android:name="android.permission.MANAGE_EXTERNAL_STORAGE"
30-->src/main/AndroidManifest.xml:11:22-79
31        android:targetSdkVersion="30" /> <!-- Create a unique permission for your app and use it so only your app can receive your OneSignal messages. -->
31-->src/main/AndroidManifest.xml:11:80-109
32    <permission
32-->[com.onesignal:notifications:5.1.25] AndroidManifest.xml:10:5-12:47
33        android:name="id.prb.noo_sms.permission.C2D_MESSAGE"
33-->[com.onesignal:notifications:5.1.25] AndroidManifest.xml:11:9-63
34        android:protectionLevel="signature" />
34-->[com.onesignal:notifications:5.1.25] AndroidManifest.xml:12:9-44
35
36    <uses-permission android:name="id.prb.noo_sms.permission.C2D_MESSAGE" /> <!-- Required runtime permission to display notifications on Android 13 -->
36-->[com.onesignal:notifications:5.1.25] AndroidManifest.xml:14:5-79
36-->[com.onesignal:notifications:5.1.25] AndroidManifest.xml:14:22-76
37    <uses-permission android:name="android.permission.POST_NOTIFICATIONS" /> <!-- Required, makes sure notifications are delivered on time. -->
37-->[com.onesignal:notifications:5.1.25] AndroidManifest.xml:17:5-77
37-->[com.onesignal:notifications:5.1.25] AndroidManifest.xml:17:22-74
38    <uses-permission android:name="android.permission.WAKE_LOCK" /> <!-- c2dm RECEIVE are basic requirements for push messages through Google's FCM -->
38-->[com.onesignal:notifications:5.1.25] AndroidManifest.xml:18:5-68
38-->[com.onesignal:notifications:5.1.25] AndroidManifest.xml:18:22-65
39    <uses-permission android:name="com.google.android.c2dm.permission.RECEIVE" />
39-->[com.onesignal:notifications:5.1.25] AndroidManifest.xml:19:5-82
39-->[com.onesignal:notifications:5.1.25] AndroidManifest.xml:19:22-79
40    <!--
41 Required so the device vibrates on receiving a push notification.
42         Vibration settings of the device still apply.
43    -->
44    <uses-permission android:name="android.permission.VIBRATE" />
44-->[com.onesignal:notifications:5.1.25] AndroidManifest.xml:24:5-66
44-->[com.onesignal:notifications:5.1.25] AndroidManifest.xml:24:22-63
45    <!--
46 Use to restore notifications the user hasn't interacted with.
47     They could be missed notifications if the user reboots their device if this isn't in place.
48    -->
49    <uses-permission android:name="android.permission.RECEIVE_BOOT_COMPLETED" /> <!-- START: ShortcutBadger -->
49-->[com.onesignal:notifications:5.1.25] AndroidManifest.xml:29:5-81
49-->[com.onesignal:notifications:5.1.25] AndroidManifest.xml:29:22-78
50    <!-- Samsung -->
51    <uses-permission android:name="com.sec.android.provider.badge.permission.READ" />
51-->[com.onesignal:notifications:5.1.25] AndroidManifest.xml:31:5-86
51-->[com.onesignal:notifications:5.1.25] AndroidManifest.xml:31:22-83
52    <uses-permission android:name="com.sec.android.provider.badge.permission.WRITE" /> <!-- HTC -->
52-->[com.onesignal:notifications:5.1.25] AndroidManifest.xml:32:5-87
52-->[com.onesignal:notifications:5.1.25] AndroidManifest.xml:32:22-84
53    <uses-permission android:name="com.htc.launcher.permission.READ_SETTINGS" />
53-->[com.onesignal:notifications:5.1.25] AndroidManifest.xml:33:5-81
53-->[com.onesignal:notifications:5.1.25] AndroidManifest.xml:33:22-78
54    <uses-permission android:name="com.htc.launcher.permission.UPDATE_SHORTCUT" /> <!-- Sony -->
54-->[com.onesignal:notifications:5.1.25] AndroidManifest.xml:34:5-83
54-->[com.onesignal:notifications:5.1.25] AndroidManifest.xml:34:22-80
55    <uses-permission android:name="com.sonyericsson.home.permission.BROADCAST_BADGE" />
55-->[com.onesignal:notifications:5.1.25] AndroidManifest.xml:35:5-88
55-->[com.onesignal:notifications:5.1.25] AndroidManifest.xml:35:22-85
56    <uses-permission android:name="com.sonymobile.home.permission.PROVIDER_INSERT_BADGE" /> <!-- Apex -->
56-->[com.onesignal:notifications:5.1.25] AndroidManifest.xml:36:5-92
56-->[com.onesignal:notifications:5.1.25] AndroidManifest.xml:36:22-89
57    <uses-permission android:name="com.anddoes.launcher.permission.UPDATE_COUNT" /> <!-- Solid -->
57-->[com.onesignal:notifications:5.1.25] AndroidManifest.xml:37:5-84
57-->[com.onesignal:notifications:5.1.25] AndroidManifest.xml:37:22-81
58    <uses-permission android:name="com.majeur.launcher.permission.UPDATE_BADGE" /> <!-- Huawei -->
58-->[com.onesignal:notifications:5.1.25] AndroidManifest.xml:38:5-83
58-->[com.onesignal:notifications:5.1.25] AndroidManifest.xml:38:22-80
59    <uses-permission android:name="com.huawei.android.launcher.permission.CHANGE_BADGE" />
59-->[com.onesignal:notifications:5.1.25] AndroidManifest.xml:39:5-91
59-->[com.onesignal:notifications:5.1.25] AndroidManifest.xml:39:22-88
60    <uses-permission android:name="com.huawei.android.launcher.permission.READ_SETTINGS" />
60-->[com.onesignal:notifications:5.1.25] AndroidManifest.xml:40:5-92
60-->[com.onesignal:notifications:5.1.25] AndroidManifest.xml:40:22-89
61    <uses-permission android:name="com.huawei.android.launcher.permission.WRITE_SETTINGS" /> <!-- ZUK -->
61-->[com.onesignal:notifications:5.1.25] AndroidManifest.xml:41:5-93
61-->[com.onesignal:notifications:5.1.25] AndroidManifest.xml:41:22-90
62    <uses-permission android:name="android.permission.READ_APP_BADGE" /> <!-- OPPO -->
62-->[com.onesignal:notifications:5.1.25] AndroidManifest.xml:42:5-73
62-->[com.onesignal:notifications:5.1.25] AndroidManifest.xml:42:22-70
63    <uses-permission android:name="com.oppo.launcher.permission.READ_SETTINGS" />
63-->[com.onesignal:notifications:5.1.25] AndroidManifest.xml:43:5-82
63-->[com.onesignal:notifications:5.1.25] AndroidManifest.xml:43:22-79
64    <uses-permission android:name="com.oppo.launcher.permission.WRITE_SETTINGS" /> <!-- EvMe -->
64-->[com.onesignal:notifications:5.1.25] AndroidManifest.xml:44:5-83
64-->[com.onesignal:notifications:5.1.25] AndroidManifest.xml:44:22-80
65    <uses-permission android:name="me.everything.badger.permission.BADGE_COUNT_READ" />
65-->[com.onesignal:notifications:5.1.25] AndroidManifest.xml:45:5-88
65-->[com.onesignal:notifications:5.1.25] AndroidManifest.xml:45:22-85
66    <uses-permission android:name="me.everything.badger.permission.BADGE_COUNT_WRITE" />
66-->[com.onesignal:notifications:5.1.25] AndroidManifest.xml:46:5-89
66-->[com.onesignal:notifications:5.1.25] AndroidManifest.xml:46:22-86
67    <uses-permission android:name="android.permission.ACCESS_NETWORK_STATE" />
67-->[com.google.firebase:firebase-messaging:23.4.0] AndroidManifest.xml:22:5-79
67-->[com.google.firebase:firebase-messaging:23.4.0] AndroidManifest.xml:22:22-76
68    <uses-permission android:name="android.permission.FOREGROUND_SERVICE" />
68-->[androidx.work:work-runtime:2.8.1] AndroidManifest.xml:26:5-77
68-->[androidx.work:work-runtime:2.8.1] AndroidManifest.xml:26:22-74
69
70    <permission
70-->[androidx.core:core:1.13.1] AndroidManifest.xml:22:5-24:47
71        android:name="id.prb.noo_sms.DYNAMIC_RECEIVER_NOT_EXPORTED_PERMISSION"
71-->[androidx.core:core:1.13.1] AndroidManifest.xml:23:9-81
72        android:protectionLevel="signature" />
72-->[androidx.core:core:1.13.1] AndroidManifest.xml:24:9-44
73
74    <uses-permission android:name="id.prb.noo_sms.DYNAMIC_RECEIVER_NOT_EXPORTED_PERMISSION" />
74-->[androidx.core:core:1.13.1] AndroidManifest.xml:26:5-97
74-->[androidx.core:core:1.13.1] AndroidManifest.xml:26:22-94
75
76    <application
77        android:name="android.app.Application"
78        android:appComponentFactory="androidx.core.app.CoreComponentFactory"
78-->[androidx.core:core:1.13.1] AndroidManifest.xml:28:18-86
79        android:debuggable="true"
80        android:icon="@mipmap/ic_launcher"
81        android:label="noo_sms" >
82        <activity
83            android:name="com.example.noo_sms.MainActivity"
84            android:configChanges="orientation|keyboardHidden|keyboard|screenSize|smallestScreenSize|locale|layoutDirection|fontScale|screenLayout|density|uiMode"
85            android:exported="true"
86            android:hardwareAccelerated="true"
87            android:launchMode="singleTop"
88            android:theme="@style/LaunchTheme"
89            android:windowSoftInputMode="adjustResize" >
90
91            <!--
92                 Specifies an Android theme to apply to this Activity as soon as
93                 the Android process has started. This theme is visible to the user
94                 while the Flutter UI initializes. After that, this theme continues
95                 to determine the Window background behind the Flutter UI.
96            -->
97            <meta-data
98                android:name="io.flutter.embedding.android.NormalTheme"
99                android:resource="@style/NormalTheme" />
100
101            <intent-filter>
102                <action android:name="android.intent.action.MAIN" />
103
104                <category android:name="android.intent.category.LAUNCHER" />
105            </intent-filter>
106        </activity>
107        <!--
108             Don't delete the meta-data below.
109             This is used by the Flutter tool to generate GeneratedPluginRegistrant.java
110        -->
111        <meta-data
112            android:name="flutterEmbedding"
113            android:value="2" />
114
115        <provider
115-->[:image_picker_android] AndroidManifest.xml:10:9-18:20
116            android:name="io.flutter.plugins.imagepicker.ImagePickerFileProvider"
116-->[:image_picker_android] AndroidManifest.xml:11:13-82
117            android:authorities="id.prb.noo_sms.flutter.image_provider"
117-->[:image_picker_android] AndroidManifest.xml:12:13-74
118            android:exported="false"
118-->[:image_picker_android] AndroidManifest.xml:13:13-37
119            android:grantUriPermissions="true" >
119-->[:image_picker_android] AndroidManifest.xml:14:13-47
120            <meta-data
120-->[:image_picker_android] AndroidManifest.xml:15:13-17:75
121                android:name="android.support.FILE_PROVIDER_PATHS"
121-->[:image_picker_android] AndroidManifest.xml:16:17-67
122                android:resource="@xml/flutter_image_picker_file_paths" />
122-->[:image_picker_android] AndroidManifest.xml:17:17-72
123        </provider>
124
125        <service
125-->[:geolocator_android] AndroidManifest.xml:10:9-14:56
126            android:name="com.baseflow.geolocator.GeolocatorLocationService"
126-->[:geolocator_android] AndroidManifest.xml:11:13-77
127            android:enabled="true"
127-->[:geolocator_android] AndroidManifest.xml:12:13-35
128            android:exported="false"
128-->[:geolocator_android] AndroidManifest.xml:13:13-37
129            android:foregroundServiceType="location" />
129-->[:geolocator_android] AndroidManifest.xml:14:13-53
130
131        <uses-library
131-->[androidx.window:window:1.2.0] AndroidManifest.xml:23:9-25:40
132            android:name="androidx.window.extensions"
132-->[androidx.window:window:1.2.0] AndroidManifest.xml:24:13-54
133            android:required="false" />
133-->[androidx.window:window:1.2.0] AndroidManifest.xml:25:13-37
134        <uses-library
134-->[androidx.window:window:1.2.0] AndroidManifest.xml:26:9-28:40
135            android:name="androidx.window.sidecar"
135-->[androidx.window:window:1.2.0] AndroidManifest.xml:27:13-51
136            android:required="false" />
136-->[androidx.window:window:1.2.0] AndroidManifest.xml:28:13-37
137
138        <receiver
138-->[com.onesignal:notifications:5.1.25] AndroidManifest.xml:49:9-60:20
139            android:name="com.onesignal.notifications.receivers.FCMBroadcastReceiver"
139-->[com.onesignal:notifications:5.1.25] AndroidManifest.xml:50:13-86
140            android:exported="true"
140-->[com.onesignal:notifications:5.1.25] AndroidManifest.xml:51:13-36
141            android:permission="com.google.android.c2dm.permission.SEND" >
141-->[com.onesignal:notifications:5.1.25] AndroidManifest.xml:52:13-73
142
143            <!-- High priority so OneSignal payloads can be filtered from other FCM receivers -->
144            <intent-filter android:priority="999" >
144-->[com.onesignal:notifications:5.1.25] AndroidManifest.xml:55:13-59:29
144-->[com.onesignal:notifications:5.1.25] AndroidManifest.xml:55:28-50
145                <action android:name="com.google.android.c2dm.intent.RECEIVE" />
145-->[com.onesignal:notifications:5.1.25] AndroidManifest.xml:56:17-81
145-->[com.onesignal:notifications:5.1.25] AndroidManifest.xml:56:25-78
146
147                <category android:name="id.prb.noo_sms" />
147-->[com.onesignal:notifications:5.1.25] AndroidManifest.xml:58:17-61
147-->[com.onesignal:notifications:5.1.25] AndroidManifest.xml:58:27-58
148            </intent-filter>
149        </receiver>
150
151        <service
151-->[com.onesignal:notifications:5.1.25] AndroidManifest.xml:62:9-68:19
152            android:name="com.onesignal.notifications.services.HmsMessageServiceOneSignal"
152-->[com.onesignal:notifications:5.1.25] AndroidManifest.xml:63:13-91
153            android:exported="false" >
153-->[com.onesignal:notifications:5.1.25] AndroidManifest.xml:64:13-37
154            <intent-filter>
154-->[com.onesignal:notifications:5.1.25] AndroidManifest.xml:65:13-67:29
155                <action android:name="com.huawei.push.action.MESSAGING_EVENT" />
155-->[com.onesignal:notifications:5.1.25] AndroidManifest.xml:66:17-81
155-->[com.onesignal:notifications:5.1.25] AndroidManifest.xml:66:25-78
156            </intent-filter>
157        </service>
158
159        <activity
159-->[com.onesignal:notifications:5.1.25] AndroidManifest.xml:70:9-78:20
160            android:name="com.onesignal.notifications.activities.NotificationOpenedActivityHMS"
160-->[com.onesignal:notifications:5.1.25] AndroidManifest.xml:71:13-96
161            android:exported="true"
161-->[com.onesignal:notifications:5.1.25] AndroidManifest.xml:72:13-36
162            android:noHistory="true"
162-->[com.onesignal:notifications:5.1.25] AndroidManifest.xml:73:13-37
163            android:theme="@android:style/Theme.Translucent.NoTitleBar" >
163-->[com.onesignal:notifications:5.1.25] AndroidManifest.xml:74:13-72
164            <intent-filter>
164-->[com.onesignal:notifications:5.1.25] AndroidManifest.xml:75:13-77:29
165                <action android:name="android.intent.action.VIEW" />
165-->[com.onesignal:notifications:5.1.25] AndroidManifest.xml:76:17-69
165-->[com.onesignal:notifications:5.1.25] AndroidManifest.xml:76:25-66
166            </intent-filter>
167        </activity>
168
169        <receiver
169-->[com.onesignal:notifications:5.1.25] AndroidManifest.xml:80:9-82:39
170            android:name="com.onesignal.notifications.receivers.NotificationDismissReceiver"
170-->[com.onesignal:notifications:5.1.25] AndroidManifest.xml:81:13-93
171            android:exported="true" />
171-->[com.onesignal:notifications:5.1.25] AndroidManifest.xml:82:13-36
172        <receiver
172-->[com.onesignal:notifications:5.1.25] AndroidManifest.xml:83:9-90:20
173            android:name="com.onesignal.notifications.receivers.BootUpReceiver"
173-->[com.onesignal:notifications:5.1.25] AndroidManifest.xml:84:13-80
174            android:exported="true" >
174-->[com.onesignal:notifications:5.1.25] AndroidManifest.xml:85:13-36
175            <intent-filter>
175-->[com.onesignal:notifications:5.1.25] AndroidManifest.xml:86:13-89:29
176                <action android:name="android.intent.action.BOOT_COMPLETED" />
176-->[com.onesignal:notifications:5.1.25] AndroidManifest.xml:87:17-79
176-->[com.onesignal:notifications:5.1.25] AndroidManifest.xml:87:25-76
177                <action android:name="android.intent.action.QUICKBOOT_POWERON" />
177-->[com.onesignal:notifications:5.1.25] AndroidManifest.xml:88:17-82
177-->[com.onesignal:notifications:5.1.25] AndroidManifest.xml:88:25-79
178            </intent-filter>
179        </receiver>
180        <receiver
180-->[com.onesignal:notifications:5.1.25] AndroidManifest.xml:91:9-97:20
181            android:name="com.onesignal.notifications.receivers.UpgradeReceiver"
181-->[com.onesignal:notifications:5.1.25] AndroidManifest.xml:92:13-81
182            android:exported="true" >
182-->[com.onesignal:notifications:5.1.25] AndroidManifest.xml:93:13-36
183            <intent-filter>
183-->[com.onesignal:notifications:5.1.25] AndroidManifest.xml:94:13-96:29
184                <action android:name="android.intent.action.MY_PACKAGE_REPLACED" />
184-->[com.onesignal:notifications:5.1.25] AndroidManifest.xml:95:17-84
184-->[com.onesignal:notifications:5.1.25] AndroidManifest.xml:95:25-81
185            </intent-filter>
186        </receiver>
187
188        <activity
188-->[com.onesignal:notifications:5.1.25] AndroidManifest.xml:99:9-105:75
189            android:name="com.onesignal.notifications.activities.NotificationOpenedActivity"
189-->[com.onesignal:notifications:5.1.25] AndroidManifest.xml:100:13-93
190            android:excludeFromRecents="true"
190-->[com.onesignal:notifications:5.1.25] AndroidManifest.xml:101:13-46
191            android:exported="true"
191-->[com.onesignal:notifications:5.1.25] AndroidManifest.xml:102:13-36
192            android:noHistory="true"
192-->[com.onesignal:notifications:5.1.25] AndroidManifest.xml:103:13-37
193            android:taskAffinity=""
193-->[com.onesignal:notifications:5.1.25] AndroidManifest.xml:104:13-36
194            android:theme="@android:style/Theme.Translucent.NoTitleBar" />
194-->[com.onesignal:notifications:5.1.25] AndroidManifest.xml:105:13-72
195        <activity
195-->[com.onesignal:notifications:5.1.25] AndroidManifest.xml:106:9-111:75
196            android:name="com.onesignal.notifications.activities.NotificationOpenedActivityAndroid22AndOlder"
196-->[com.onesignal:notifications:5.1.25] AndroidManifest.xml:107:13-110
197            android:excludeFromRecents="true"
197-->[com.onesignal:notifications:5.1.25] AndroidManifest.xml:108:13-46
198            android:exported="true"
198-->[com.onesignal:notifications:5.1.25] AndroidManifest.xml:109:13-36
199            android:noHistory="true"
199-->[com.onesignal:notifications:5.1.25] AndroidManifest.xml:110:13-37
200            android:theme="@android:style/Theme.Translucent.NoTitleBar" />
200-->[com.onesignal:notifications:5.1.25] AndroidManifest.xml:111:13-72
201
202        <receiver
202-->[com.google.firebase:firebase-messaging:23.4.0] AndroidManifest.xml:29:9-40:20
203            android:name="com.google.firebase.iid.FirebaseInstanceIdReceiver"
203-->[com.google.firebase:firebase-messaging:23.4.0] AndroidManifest.xml:30:13-78
204            android:exported="true"
204-->[com.google.firebase:firebase-messaging:23.4.0] AndroidManifest.xml:31:13-36
205            android:permission="com.google.android.c2dm.permission.SEND" >
205-->[com.google.firebase:firebase-messaging:23.4.0] AndroidManifest.xml:32:13-73
206            <intent-filter>
206-->[com.google.firebase:firebase-messaging:23.4.0] AndroidManifest.xml:33:13-35:29
207                <action android:name="com.google.android.c2dm.intent.RECEIVE" />
207-->[com.onesignal:notifications:5.1.25] AndroidManifest.xml:56:17-81
207-->[com.onesignal:notifications:5.1.25] AndroidManifest.xml:56:25-78
208            </intent-filter>
209
210            <meta-data
210-->[com.google.firebase:firebase-messaging:23.4.0] AndroidManifest.xml:37:13-39:40
211                android:name="com.google.android.gms.cloudmessaging.FINISHED_AFTER_HANDLED"
211-->[com.google.firebase:firebase-messaging:23.4.0] AndroidManifest.xml:38:17-92
212                android:value="true" />
212-->[com.google.firebase:firebase-messaging:23.4.0] AndroidManifest.xml:39:17-37
213        </receiver>
214        <!--
215             FirebaseMessagingService performs security checks at runtime,
216             but set to not exported to explicitly avoid allowing another app to call it.
217        -->
218        <service
218-->[com.google.firebase:firebase-messaging:23.4.0] AndroidManifest.xml:46:9-53:19
219            android:name="com.google.firebase.messaging.FirebaseMessagingService"
219-->[com.google.firebase:firebase-messaging:23.4.0] AndroidManifest.xml:47:13-82
220            android:directBootAware="true"
220-->[com.google.firebase:firebase-messaging:23.4.0] AndroidManifest.xml:48:13-43
221            android:exported="false" >
221-->[com.google.firebase:firebase-messaging:23.4.0] AndroidManifest.xml:49:13-37
222            <intent-filter android:priority="-500" >
222-->[com.google.firebase:firebase-messaging:23.4.0] AndroidManifest.xml:50:13-52:29
222-->[com.google.firebase:firebase-messaging:23.4.0] AndroidManifest.xml:50:28-51
223                <action android:name="com.google.firebase.MESSAGING_EVENT" />
223-->[com.google.firebase:firebase-messaging:23.4.0] AndroidManifest.xml:51:17-78
223-->[com.google.firebase:firebase-messaging:23.4.0] AndroidManifest.xml:51:25-75
224            </intent-filter>
225        </service>
226        <service
226-->[com.google.firebase:firebase-messaging:23.4.0] AndroidManifest.xml:54:9-63:19
227            android:name="com.google.firebase.components.ComponentDiscoveryService"
227-->[com.google.firebase:firebase-messaging:23.4.0] AndroidManifest.xml:55:13-84
228            android:directBootAware="true"
228-->[com.google.firebase:firebase-common:20.4.2] AndroidManifest.xml:32:13-43
229            android:exported="false" >
229-->[com.google.firebase:firebase-messaging:23.4.0] AndroidManifest.xml:56:13-37
230            <meta-data
230-->[com.google.firebase:firebase-messaging:23.4.0] AndroidManifest.xml:57:13-59:85
231                android:name="com.google.firebase.components:com.google.firebase.messaging.FirebaseMessagingKtxRegistrar"
231-->[com.google.firebase:firebase-messaging:23.4.0] AndroidManifest.xml:58:17-122
232                android:value="com.google.firebase.components.ComponentRegistrar" />
232-->[com.google.firebase:firebase-messaging:23.4.0] AndroidManifest.xml:59:17-82
233            <meta-data
233-->[com.google.firebase:firebase-messaging:23.4.0] AndroidManifest.xml:60:13-62:85
234                android:name="com.google.firebase.components:com.google.firebase.messaging.FirebaseMessagingRegistrar"
234-->[com.google.firebase:firebase-messaging:23.4.0] AndroidManifest.xml:61:17-119
235                android:value="com.google.firebase.components.ComponentRegistrar" />
235-->[com.google.firebase:firebase-messaging:23.4.0] AndroidManifest.xml:62:17-82
236            <meta-data
236-->[com.google.firebase:firebase-installations:17.2.0] AndroidManifest.xml:15:13-17:85
237                android:name="com.google.firebase.components:com.google.firebase.installations.FirebaseInstallationsKtxRegistrar"
237-->[com.google.firebase:firebase-installations:17.2.0] AndroidManifest.xml:16:17-130
238                android:value="com.google.firebase.components.ComponentRegistrar" />
238-->[com.google.firebase:firebase-installations:17.2.0] AndroidManifest.xml:17:17-82
239            <meta-data
239-->[com.google.firebase:firebase-installations:17.2.0] AndroidManifest.xml:18:13-20:85
240                android:name="com.google.firebase.components:com.google.firebase.installations.FirebaseInstallationsRegistrar"
240-->[com.google.firebase:firebase-installations:17.2.0] AndroidManifest.xml:19:17-127
241                android:value="com.google.firebase.components.ComponentRegistrar" />
241-->[com.google.firebase:firebase-installations:17.2.0] AndroidManifest.xml:20:17-82
242            <meta-data
242-->[com.google.firebase:firebase-common-ktx:20.4.2] AndroidManifest.xml:12:13-14:85
243                android:name="com.google.firebase.components:com.google.firebase.ktx.FirebaseCommonLegacyRegistrar"
243-->[com.google.firebase:firebase-common-ktx:20.4.2] AndroidManifest.xml:13:17-116
244                android:value="com.google.firebase.components.ComponentRegistrar" />
244-->[com.google.firebase:firebase-common-ktx:20.4.2] AndroidManifest.xml:14:17-82
245            <meta-data
245-->[com.google.firebase:firebase-common:20.4.2] AndroidManifest.xml:35:13-37:85
246                android:name="com.google.firebase.components:com.google.firebase.FirebaseCommonKtxRegistrar"
246-->[com.google.firebase:firebase-common:20.4.2] AndroidManifest.xml:36:17-109
247                android:value="com.google.firebase.components.ComponentRegistrar" />
247-->[com.google.firebase:firebase-common:20.4.2] AndroidManifest.xml:37:17-82
248            <meta-data
248-->[com.google.firebase:firebase-datatransport:18.1.7] AndroidManifest.xml:27:13-29:85
249                android:name="com.google.firebase.components:com.google.firebase.datatransport.TransportRegistrar"
249-->[com.google.firebase:firebase-datatransport:18.1.7] AndroidManifest.xml:28:17-115
250                android:value="com.google.firebase.components.ComponentRegistrar" />
250-->[com.google.firebase:firebase-datatransport:18.1.7] AndroidManifest.xml:29:17-82
251        </service>
252
253        <activity
253-->[com.google.android.gms:play-services-base:18.3.0] AndroidManifest.xml:20:9-22:45
254            android:name="com.google.android.gms.common.api.GoogleApiActivity"
254-->[com.google.android.gms:play-services-base:18.3.0] AndroidManifest.xml:20:19-85
255            android:exported="false"
255-->[com.google.android.gms:play-services-base:18.3.0] AndroidManifest.xml:22:19-43
256            android:theme="@android:style/Theme.Translucent.NoTitleBar" />
256-->[com.google.android.gms:play-services-base:18.3.0] AndroidManifest.xml:21:19-78
257
258        <provider
258-->[com.google.firebase:firebase-common:20.4.2] AndroidManifest.xml:23:9-28:39
259            android:name="com.google.firebase.provider.FirebaseInitProvider"
259-->[com.google.firebase:firebase-common:20.4.2] AndroidManifest.xml:24:13-77
260            android:authorities="id.prb.noo_sms.firebaseinitprovider"
260-->[com.google.firebase:firebase-common:20.4.2] AndroidManifest.xml:25:13-72
261            android:directBootAware="true"
261-->[com.google.firebase:firebase-common:20.4.2] AndroidManifest.xml:26:13-43
262            android:exported="false"
262-->[com.google.firebase:firebase-common:20.4.2] AndroidManifest.xml:27:13-37
263            android:initOrder="100" />
263-->[com.google.firebase:firebase-common:20.4.2] AndroidManifest.xml:28:13-36
264
265        <service
265-->[com.onesignal:core:5.1.25] AndroidManifest.xml:13:9-16:72
266            android:name="com.onesignal.core.services.SyncJobService"
266-->[com.onesignal:core:5.1.25] AndroidManifest.xml:14:13-70
267            android:exported="false"
267-->[com.onesignal:core:5.1.25] AndroidManifest.xml:15:13-37
268            android:permission="android.permission.BIND_JOB_SERVICE" />
268-->[com.onesignal:core:5.1.25] AndroidManifest.xml:16:13-69
269
270        <activity
270-->[com.onesignal:core:5.1.25] AndroidManifest.xml:18:9-21:75
271            android:name="com.onesignal.core.activities.PermissionsActivity"
271-->[com.onesignal:core:5.1.25] AndroidManifest.xml:19:13-77
272            android:exported="false"
272-->[com.onesignal:core:5.1.25] AndroidManifest.xml:20:13-37
273            android:theme="@android:style/Theme.Translucent.NoTitleBar" />
273-->[com.onesignal:core:5.1.25] AndroidManifest.xml:21:13-72
274
275        <provider
275-->[androidx.work:work-runtime:2.8.1] AndroidManifest.xml:29:9-37:20
276            android:name="androidx.startup.InitializationProvider"
276-->[androidx.work:work-runtime:2.8.1] AndroidManifest.xml:30:13-67
277            android:authorities="id.prb.noo_sms.androidx-startup"
277-->[androidx.work:work-runtime:2.8.1] AndroidManifest.xml:31:13-68
278            android:exported="false" >
278-->[androidx.work:work-runtime:2.8.1] AndroidManifest.xml:32:13-37